<?xml version="1.0" encoding="UTF-8"?>
<!-- Generated by org.testng.reporters.JUnitReportReporter -->
<testsuite hostname="Jorges-MacBook-Pro.local" failures="0" tests="1" name="com.WebPage.FeatureTest.SearchBoxTest" time="12.681" errors="0" timestamp="2021-07-30T17:22:32 AST" skipped="0">
  <testcase classname="com.WebPage.FeatureTest.SearchBoxTest" name="testSearchBox" time="12.681"/>
  <system-out>
    <![CDATA[[ERROR:] Page confirmed there was no result found]]>
  </system-out>
</testsuite> <!-- com.WebPage.FeatureTest.SearchBoxTest -->
