<?xml version="1.0" encoding="UTF-8"?>
<!-- Generated by org.testng.reporters.JUnitReportReporter -->
<testsuite hostname="Jorges-MacBook-Pro.local" failures="0" tests="1" name="com.WebPage.FeatureTest.FooterTest" time="0.211" errors="0" timestamp="2021-07-30T17:10:40 AST" skipped="0">
  <testcase classname="com.WebPage.FeatureTest.FooterTest" name="validateFooterInformation" time="0.211"/>
  <system-out>
    <![CDATA[[INFORMATION ON FOOTER:] Store information
Selenium Framework, Research Triangle Park, North Carolina, USA
Call us now: (347) 466-7432
Email: support@seleniumframework.com


[EXPECTED INFORMATION VALUES:] Store information
Selenium Framework, Research Triangle Park, North Carolina, USA


[COMPARISON RESULT:] true


[EXPECTED INFORMATION VALUES:] Call us now: (347) 466-7432


[COMPARISON RESULT:] true


[EXPECTED INFORMATION VALUES:] Email: support@seleniumframework.com


[COMPARISON RESULT:] true

]]>
  </system-out>
</testsuite> <!-- com.WebPage.FeatureTest.FooterTest -->
