<?xml version="1.0" encoding="UTF-8"?>
<!-- Generated by org.testng.reporters.JUnitReportReporter -->
<testsuite hostname="Jorges-MacBook-Pro.local" failures="0" tests="2" name="com.WebPage.FeatureTest.ShoppingCartTest" time="5.933" errors="0" timestamp="2021-07-30T16:15:53 AST" skipped="0">
  <testcase classname="com.WebPage.FeatureTest.ShoppingCartTest" name="testRemoveItemFromShoppingCart" time="0.308"/>
  <system-out/>
  <testcase classname="com.WebPage.FeatureTest.ShoppingCartTest" name="testAddItemToShoppingCart" time="5.625"/>
  <system-out/>
</testsuite> <!-- com.WebPage.FeatureTest.ShoppingCartTest -->
