<?xml version="1.0" encoding="UTF-8"?>
<!-- Generated by org.testng.reporters.JUnitReportReporter -->
<testsuite hostname="Jorges-MacBook-Pro.local" failures="0" tests="1" name="com.WebPage.FeatureTest.SearchBoxTest" time="24.048" errors="0" timestamp="2021-07-30T14:15:26 AST" skipped="0">
  <testcase classname="com.WebPage.FeatureTest.SearchBoxTest" name="testSearchBox" time="24.048"/>
  <system-out/>
</testsuite> <!-- com.WebPage.FeatureTest.SearchBoxTest -->
