<?xml version="1.0" encoding="UTF-8"?>
<!-- Generated by org.testng.reporters.JUnitReportReporter -->
<testsuite hostname="Jorges-MacBook-Pro.local" failures="0" tests="1" name="com.WebPage.FeatureTest.FeatureTest" time="0.008" errors="0" timestamp="2021-07-27T18:11:21 AST" skipped="0">
  <testcase classname="com.WebPage.FeatureTest.FeatureTest" name="f" time="0.008"/>
  <system-out/>
</testsuite> <!-- com.WebPage.FeatureTest.FeatureTest -->
