<?xml version="1.0" encoding="UTF-8"?>
<!-- Generated by org.testng.reporters.JUnitReportReporter -->
<testsuite hostname="Jorges-MacBook-Pro.local" failures="0" tests="2" name="com.WebPage.FeatureTest.ShoppingCartTest" time="9.847" errors="0" timestamp="2021-07-30T19:59:25 AST" skipped="0">
  <testcase classname="com.WebPage.FeatureTest.ShoppingCartTest" name="testAddItemToShoppingCart" time="9.520"/>
  <system-out/>
  <testcase classname="com.WebPage.FeatureTest.ShoppingCartTest" name="testRemoveItemFromShoppingCart" time="0.327"/>
  <system-out/>
</testsuite> <!-- com.WebPage.FeatureTest.ShoppingCartTest -->
