<?xml version="1.0" encoding="UTF-8"?>
<!-- Generated by org.testng.reporters.JUnitReportReporter -->
<testsuite hostname="Jorges-MacBook-Pro.local" failures="0" tests="2" name="com.BreakingBadAPI.EndpointTest.CharacterTest" time="9.006" errors="0" timestamp="2021-07-30T19:59:25 AST" skipped="0">
  <testcase classname="com.BreakingBadAPI.EndpointTest.CharacterTest" name="testGetCharacterByName" time="1.052"/>
  <system-out/>
  <testcase classname="com.BreakingBadAPI.EndpointTest.CharacterTest" name="testGetAllCharacters" time="7.954"/>
  <system-out/>
</testsuite> <!-- com.BreakingBadAPI.EndpointTest.CharacterTest -->
