<?xml version="1.0" encoding="UTF-8"?>
<!-- Generated by org.testng.reporters.JUnitReportReporter -->
<testsuite hostname="Jorges-MacBook-Pro.local" failures="0" tests="2" name="com.WebPage.FeatureTest.ShoppingCartTest" time="20.903" errors="0" timestamp="2021-07-30T14:15:26 AST" skipped="0">
  <testcase classname="com.WebPage.FeatureTest.ShoppingCartTest" name="testRemoveItemFromShoppingCart" time="0.322"/>
  <system-out/>
  <testcase classname="com.WebPage.FeatureTest.ShoppingCartTest" name="testAddItemToShoppingCart" time="20.581"/>
  <system-out/>
</testsuite> <!-- com.WebPage.FeatureTest.ShoppingCartTest -->
